20-04-2023 11:31 ERROR TelegramBotListener:290 - Ответ не был отправлен
java.lang.RuntimeException
	at re.st.animalshelter.listener.TelegramBotListener.sendEditResponseWithPhoto(TelegramBotListener.java:290)
	at re.st.animalshelter.listener.TelegramBotListener.process(TelegramBotListener.java:122)
	at com.pengrad.telegrambot.impl.UpdatesHandler$1.onResponse(UpdatesHandler.java:73)
	at com.pengrad.telegrambot.impl.UpdatesHandler$1.onResponse(UpdatesHandler.java:49)
	at com.pengrad.telegrambot.impl.TelegramBotClient$1.onResponse(TelegramBotClient.java:53)
	at okhttp3.internal.connection.RealCall$AsyncCall.run(RealCall.kt:519)
	at java.base/java.util.concurrent.ThreadPoolExecutor.runWorker(ThreadPoolExecutor.java:1128)
	at java.base/java.util.concurrent.ThreadPoolExecutor$Worker.run(ThreadPoolExecutor.java:628)
	at java.base/java.lang.Thread.run(Thread.java:829)
20-04-2023 11:31 ERROR TelegramBotListener:272 - Ответ не был отправлен
java.lang.RuntimeException
	at re.st.animalshelter.listener.TelegramBotListener.sendEditResponse(TelegramBotListener.java:272)
	at re.st.animalshelter.listener.TelegramBotListener.process(TelegramBotListener.java:106)
	at com.pengrad.telegrambot.impl.UpdatesHandler$1.onResponse(UpdatesHandler.java:73)
	at com.pengrad.telegrambot.impl.UpdatesHandler$1.onResponse(UpdatesHandler.java:49)
	at com.pengrad.telegrambot.impl.TelegramBotClient$1.onResponse(TelegramBotClient.java:53)
	at okhttp3.internal.connection.RealCall$AsyncCall.run(RealCall.kt:519)
	at java.base/java.util.concurrent.ThreadPoolExecutor.runWorker(ThreadPoolExecutor.java:1128)
	at java.base/java.util.concurrent.ThreadPoolExecutor$Worker.run(ThreadPoolExecutor.java:628)
	at java.base/java.lang.Thread.run(Thread.java:829)
20-04-2023 11:31 ERROR TelegramBotListener:290 - Ответ не был отправлен
java.lang.RuntimeException
	at re.st.animalshelter.listener.TelegramBotListener.sendEditResponseWithPhoto(TelegramBotListener.java:290)
	at re.st.animalshelter.listener.TelegramBotListener.process(TelegramBotListener.java:122)
	at com.pengrad.telegrambot.impl.UpdatesHandler$1.onResponse(UpdatesHandler.java:73)
	at com.pengrad.telegrambot.impl.UpdatesHandler$1.onResponse(UpdatesHandler.java:49)
	at com.pengrad.telegrambot.impl.TelegramBotClient$1.onResponse(TelegramBotClient.java:53)
	at okhttp3.internal.connection.RealCall$AsyncCall.run(RealCall.kt:519)
	at java.base/java.util.concurrent.ThreadPoolExecutor.runWorker(ThreadPoolExecutor.java:1128)
	at java.base/java.util.concurrent.ThreadPoolExecutor$Worker.run(ThreadPoolExecutor.java:628)
	at java.base/java.lang.Thread.run(Thread.java:829)
20-04-2023 11:34 ERROR TelegramBotListener:290 - Ответ не был отправлен
java.lang.RuntimeException
	at re.st.animalshelter.listener.TelegramBotListener.sendEditResponseWithPhoto(TelegramBotListener.java:290)
	at re.st.animalshelter.listener.TelegramBotListener.process(TelegramBotListener.java:122)
	at com.pengrad.telegrambot.impl.UpdatesHandler$1.onResponse(UpdatesHandler.java:73)
	at com.pengrad.telegrambot.impl.UpdatesHandler$1.onResponse(UpdatesHandler.java:49)
	at com.pengrad.telegrambot.impl.TelegramBotClient$1.onResponse(TelegramBotClient.java:53)
	at okhttp3.internal.connection.RealCall$AsyncCall.run(RealCall.kt:519)
	at java.base/java.util.concurrent.ThreadPoolExecutor.runWorker(ThreadPoolExecutor.java:1128)
	at java.base/java.util.concurrent.ThreadPoolExecutor$Worker.run(ThreadPoolExecutor.java:628)
	at java.base/java.lang.Thread.run(Thread.java:829)
20-04-2023 11:36 ERROR TelegramBotListener:291 - Ответ не был отправлен
java.lang.RuntimeException
	at re.st.animalshelter.listener.TelegramBotListener.sendEditResponseWithPhoto(TelegramBotListener.java:291)
	at re.st.animalshelter.listener.TelegramBotListener.process(TelegramBotListener.java:122)
	at com.pengrad.telegrambot.impl.UpdatesHandler$1.onResponse(UpdatesHandler.java:73)
	at com.pengrad.telegrambot.impl.UpdatesHandler$1.onResponse(UpdatesHandler.java:49)
	at com.pengrad.telegrambot.impl.TelegramBotClient$1.onResponse(TelegramBotClient.java:53)
	at okhttp3.internal.connection.RealCall$AsyncCall.run(RealCall.kt:519)
	at java.base/java.util.concurrent.ThreadPoolExecutor.runWorker(ThreadPoolExecutor.java:1128)
	at java.base/java.util.concurrent.ThreadPoolExecutor$Worker.run(ThreadPoolExecutor.java:628)
	at java.base/java.lang.Thread.run(Thread.java:829)
20-04-2023 11:38 ERROR TelegramBotListener:291 - Ответ не был отправлен
20-04-2023 12:07 ERROR TelegramBotListener:310 - Ответ не был отправлен
20-04-2023 12:11 ERROR TelegramBotListener:310 - Ответ не был отправлен
20-04-2023 12:23 ERROR TelegramBotListener:303 - Ответ не был отправлен
20-04-2023 12:25 ERROR TelegramBotListener:134 - Не существующая кнопка
20-04-2023 12:25 ERROR TelegramBotListener:134 - Не существующая кнопка
20-04-2023 12:39 ERROR TelegramBotListener:311 - Ответ не был отправлен
20-04-2023 12:42 ERROR TelegramBotListener:303 - Ответ не был отправлен
20-04-2023 12:45 ERROR TelegramBotListener:301 - Ответ не был отправлен
20-04-2023 12:53 ERROR TelegramBotListener:298 - Ответ не был отправлен
20-04-2023 13:01 ERROR TelegramBotListener:298 - Ответ не был отправлен
20-04-2023 13:05 ERROR TelegramBotListener:302 - Ответ не был отправлен
20-04-2023 17:05 ERROR TelegramBotListener:128 - Не существующая кнопка
20-04-2023 17:07 ERROR TelegramBotListener:128 - Не существующая кнопка
20-04-2023 18:57 ERROR TelegramBotListener:128 - Не существующая кнопка
20-04-2023 18:58 ERROR TelegramBotListener:128 - Не существующая кнопка
20-04-2023 18:59 ERROR TelegramBotListener:128 - Не существующая кнопка
20-04-2023 18:59 ERROR TelegramBotListener:288 - Ответ не был отправлен
java.lang.RuntimeException
	at re.st.animalshelter.listener.TelegramBotListener.sendResponse(TelegramBotListener.java:288)
	at re.st.animalshelter.listener.TelegramBotListener.process(TelegramBotListener.java:111)
	at com.pengrad.telegrambot.impl.UpdatesHandler$1.onResponse(UpdatesHandler.java:73)
	at com.pengrad.telegrambot.impl.UpdatesHandler$1.onResponse(UpdatesHandler.java:49)
	at com.pengrad.telegrambot.impl.TelegramBotClient$1.onResponse(TelegramBotClient.java:53)
	at okhttp3.internal.connection.RealCall$AsyncCall.run(RealCall.kt:519)
	at java.base/java.util.concurrent.ThreadPoolExecutor.runWorker(ThreadPoolExecutor.java:1128)
	at java.base/java.util.concurrent.ThreadPoolExecutor$Worker.run(ThreadPoolExecutor.java:628)
	at java.base/java.lang.Thread.run(Thread.java:829)
20-04-2023 18:59 ERROR TelegramBotListener:288 - Ответ не был отправлен
java.lang.RuntimeException
	at re.st.animalshelter.listener.TelegramBotListener.sendResponse(TelegramBotListener.java:288)
	at re.st.animalshelter.listener.TelegramBotListener.process(TelegramBotListener.java:111)
	at com.pengrad.telegrambot.impl.UpdatesHandler$1.onResponse(UpdatesHandler.java:73)
	at com.pengrad.telegrambot.impl.UpdatesHandler$1.onResponse(UpdatesHandler.java:49)
	at com.pengrad.telegrambot.impl.TelegramBotClient$1.onResponse(TelegramBotClient.java:53)
	at okhttp3.internal.connection.RealCall$AsyncCall.run(RealCall.kt:519)
	at java.base/java.util.concurrent.ThreadPoolExecutor.runWorker(ThreadPoolExecutor.java:1128)
	at java.base/java.util.concurrent.ThreadPoolExecutor$Worker.run(ThreadPoolExecutor.java:628)
	at java.base/java.lang.Thread.run(Thread.java:829)
20-04-2023 19:02 ERROR TelegramBotListener:128 - Не существующая кнопка
20-04-2023 19:04 ERROR TelegramBotListener:128 - Не существующая кнопка
20-04-2023 19:21 ERROR TelegramBotListener:264 - Ответ не был отправлен
java.lang.RuntimeException
	at re.st.animalshelter.listener.TelegramBotListener.sendResponse(TelegramBotListener.java:264)
	at re.st.animalshelter.listener.TelegramBotListener.process(TelegramBotListener.java:116)
	at com.pengrad.telegrambot.impl.UpdatesHandler$1.onResponse(UpdatesHandler.java:73)
	at com.pengrad.telegrambot.impl.UpdatesHandler$1.onResponse(UpdatesHandler.java:49)
	at com.pengrad.telegrambot.impl.TelegramBotClient$1.onResponse(TelegramBotClient.java:53)
	at okhttp3.internal.connection.RealCall$AsyncCall.run(RealCall.kt:519)
	at java.base/java.util.concurrent.ThreadPoolExecutor.runWorker(ThreadPoolExecutor.java:1128)
	at java.base/java.util.concurrent.ThreadPoolExecutor$Worker.run(ThreadPoolExecutor.java:628)
	at java.base/java.lang.Thread.run(Thread.java:829)
20-04-2023 19:21 ERROR TelegramBotListener:264 - Ответ не был отправлен
java.lang.RuntimeException
	at re.st.animalshelter.listener.TelegramBotListener.sendResponse(TelegramBotListener.java:264)
	at re.st.animalshelter.listener.TelegramBotListener.process(TelegramBotListener.java:85)
	at com.pengrad.telegrambot.impl.UpdatesHandler$1.onResponse(UpdatesHandler.java:73)
	at com.pengrad.telegrambot.impl.UpdatesHandler$1.onResponse(UpdatesHandler.java:49)
	at com.pengrad.telegrambot.impl.TelegramBotClient$1.onResponse(TelegramBotClient.java:53)
	at okhttp3.internal.connection.RealCall$AsyncCall.run(RealCall.kt:519)
	at java.base/java.util.concurrent.ThreadPoolExecutor.runWorker(ThreadPoolExecutor.java:1128)
	at java.base/java.util.concurrent.ThreadPoolExecutor$Worker.run(ThreadPoolExecutor.java:628)
	at java.base/java.lang.Thread.run(Thread.java:829)
21-04-2023 11:10 ERROR TelegramBotListener:40 - Неподдерживаемая кнопка
21-04-2023 11:10 ERROR TelegramBotListener:295 - Ответ не был отправлен
java.lang.RuntimeException
	at re.st.animalshelter.listener.TelegramBotListener.sendResponse(TelegramBotListener.java:295)
	at re.st.animalshelter.listener.TelegramBotListener.process(TelegramBotListener.java:118)
	at com.pengrad.telegrambot.impl.UpdatesHandler$1.onResponse(UpdatesHandler.java:73)
	at com.pengrad.telegrambot.impl.UpdatesHandler$1.onResponse(UpdatesHandler.java:49)
	at com.pengrad.telegrambot.impl.TelegramBotClient$1.onResponse(TelegramBotClient.java:53)
	at okhttp3.internal.connection.RealCall$AsyncCall.run(RealCall.kt:519)
	at java.base/java.util.concurrent.ThreadPoolExecutor.runWorker(ThreadPoolExecutor.java:1128)
	at java.base/java.util.concurrent.ThreadPoolExecutor$Worker.run(ThreadPoolExecutor.java:628)
	at java.base/java.lang.Thread.run(Thread.java:829)
21-04-2023 11:15 ERROR TelegramBotListener:40 - Неподдерживаемая кнопка
21-04-2023 11:15 ERROR TelegramBotListener:295 - Ответ не был отправлен
java.lang.RuntimeException
	at re.st.animalshelter.listener.TelegramBotListener.sendResponse(TelegramBotListener.java:295)
	at re.st.animalshelter.listener.TelegramBotListener.process(TelegramBotListener.java:118)
	at com.pengrad.telegrambot.impl.UpdatesHandler$1.onResponse(UpdatesHandler.java:73)
	at com.pengrad.telegrambot.impl.UpdatesHandler$1.onResponse(UpdatesHandler.java:49)
	at com.pengrad.telegrambot.impl.TelegramBotClient$1.onResponse(TelegramBotClient.java:53)
	at okhttp3.internal.connection.RealCall$AsyncCall.run(RealCall.kt:519)
	at java.base/java.util.concurrent.ThreadPoolExecutor.runWorker(ThreadPoolExecutor.java:1128)
	at java.base/java.util.concurrent.ThreadPoolExecutor$Worker.run(ThreadPoolExecutor.java:628)
	at java.base/java.lang.Thread.run(Thread.java:829)
21-04-2023 11:18 ERROR TelegramBotListener:40 - Неподдерживаемая кнопка
21-04-2023 11:19 ERROR TelegramBotListener:295 - Ответ не был отправлен
java.lang.RuntimeException
	at re.st.animalshelter.listener.TelegramBotListener.sendResponse(TelegramBotListener.java:295)
	at re.st.animalshelter.listener.TelegramBotListener.process(TelegramBotListener.java:118)
	at com.pengrad.telegrambot.impl.UpdatesHandler$1.onResponse(UpdatesHandler.java:73)
	at com.pengrad.telegrambot.impl.UpdatesHandler$1.onResponse(UpdatesHandler.java:49)
	at com.pengrad.telegrambot.impl.TelegramBotClient$1.onResponse(TelegramBotClient.java:53)
	at okhttp3.internal.connection.RealCall$AsyncCall.run(RealCall.kt:519)
	at java.base/java.util.concurrent.ThreadPoolExecutor.runWorker(ThreadPoolExecutor.java:1128)
	at java.base/java.util.concurrent.ThreadPoolExecutor$Worker.run(ThreadPoolExecutor.java:628)
	at java.base/java.lang.Thread.run(Thread.java:829)
21-04-2023 11:19 ERROR TelegramBotListener:40 - Неподдерживаемая кнопка
21-04-2023 11:19 ERROR TelegramBotListener:295 - Ответ не был отправлен
java.lang.RuntimeException
	at re.st.animalshelter.listener.TelegramBotListener.sendResponse(TelegramBotListener.java:295)
	at re.st.animalshelter.listener.TelegramBotListener.process(TelegramBotListener.java:118)
	at com.pengrad.telegrambot.impl.UpdatesHandler$1.onResponse(UpdatesHandler.java:73)
	at com.pengrad.telegrambot.impl.UpdatesHandler$1.onResponse(UpdatesHandler.java:49)
	at com.pengrad.telegrambot.impl.TelegramBotClient$1.onResponse(TelegramBotClient.java:53)
	at okhttp3.internal.connection.RealCall$AsyncCall.run(RealCall.kt:519)
	at java.base/java.util.concurrent.ThreadPoolExecutor.runWorker(ThreadPoolExecutor.java:1128)
	at java.base/java.util.concurrent.ThreadPoolExecutor$Worker.run(ThreadPoolExecutor.java:628)
	at java.base/java.lang.Thread.run(Thread.java:829)
21-04-2023 11:20 ERROR TelegramBotListener:40 - Неподдерживаемая кнопка
21-04-2023 11:20 ERROR TelegramBotListener:295 - Ответ не был отправлен
java.lang.RuntimeException
	at re.st.animalshelter.listener.TelegramBotListener.sendResponse(TelegramBotListener.java:295)
	at re.st.animalshelter.listener.TelegramBotListener.process(TelegramBotListener.java:118)
	at com.pengrad.telegrambot.impl.UpdatesHandler$1.onResponse(UpdatesHandler.java:73)
	at com.pengrad.telegrambot.impl.UpdatesHandler$1.onResponse(UpdatesHandler.java:49)
	at com.pengrad.telegrambot.impl.TelegramBotClient$1.onResponse(TelegramBotClient.java:53)
	at okhttp3.internal.connection.RealCall$AsyncCall.run(RealCall.kt:519)
	at java.base/java.util.concurrent.ThreadPoolExecutor.runWorker(ThreadPoolExecutor.java:1128)
	at java.base/java.util.concurrent.ThreadPoolExecutor$Worker.run(ThreadPoolExecutor.java:628)
	at java.base/java.lang.Thread.run(Thread.java:829)
21-04-2023 11:21 ERROR TelegramBotListener:40 - Неподдерживаемая кнопка
21-04-2023 11:21 ERROR TelegramBotListener:294 - Ответ не был отправлен
java.lang.RuntimeException
	at re.st.animalshelter.listener.TelegramBotListener.sendResponse(TelegramBotListener.java:294)
	at re.st.animalshelter.listener.TelegramBotListener.process(TelegramBotListener.java:118)
	at com.pengrad.telegrambot.impl.UpdatesHandler$1.onResponse(UpdatesHandler.java:73)
	at com.pengrad.telegrambot.impl.UpdatesHandler$1.onResponse(UpdatesHandler.java:49)
	at com.pengrad.telegrambot.impl.TelegramBotClient$1.onResponse(TelegramBotClient.java:53)
	at okhttp3.internal.connection.RealCall$AsyncCall.run(RealCall.kt:519)
	at java.base/java.util.concurrent.ThreadPoolExecutor.runWorker(ThreadPoolExecutor.java:1128)
	at java.base/java.util.concurrent.ThreadPoolExecutor$Worker.run(ThreadPoolExecutor.java:628)
	at java.base/java.lang.Thread.run(Thread.java:829)
21-04-2023 11:23 ERROR TelegramBotListener:40 - Неподдерживаемая кнопка
21-04-2023 11:23 ERROR TelegramBotListener:40 - Неподдерживаемая кнопка
21-04-2023 18:30 ERROR TelegramBotListener:331 - Ответ не был отправлен
java.lang.RuntimeException
	at re.st.animalshelter.listener.TelegramBotListener.sendResponse(TelegramBotListener.java:331)
	at re.st.animalshelter.listener.TelegramBotListener.process(TelegramBotListener.java:115)
	at com.pengrad.telegrambot.impl.UpdatesHandler$1.onResponse(UpdatesHandler.java:73)
	at com.pengrad.telegrambot.impl.UpdatesHandler$1.onResponse(UpdatesHandler.java:49)
	at com.pengrad.telegrambot.impl.TelegramBotClient$1.onResponse(TelegramBotClient.java:53)
	at okhttp3.internal.connection.RealCall$AsyncCall.run(RealCall.kt:519)
	at java.base/java.util.concurrent.ThreadPoolExecutor.runWorker(ThreadPoolExecutor.java:1128)
	at java.base/java.util.concurrent.ThreadPoolExecutor$Worker.run(ThreadPoolExecutor.java:628)
	at java.base/java.lang.Thread.run(Thread.java:829)
21-04-2023 18:32 ERROR TelegramBotListener:331 - Ответ не был отправлен
java.lang.RuntimeException
	at re.st.animalshelter.listener.TelegramBotListener.sendResponse(TelegramBotListener.java:331)
	at re.st.animalshelter.listener.TelegramBotListener.process(TelegramBotListener.java:110)
	at com.pengrad.telegrambot.impl.UpdatesHandler$1.onResponse(UpdatesHandler.java:73)
	at com.pengrad.telegrambot.impl.UpdatesHandler$1.onResponse(UpdatesHandler.java:49)
	at com.pengrad.telegrambot.impl.TelegramBotClient$1.onResponse(TelegramBotClient.java:53)
	at okhttp3.internal.connection.RealCall$AsyncCall.run(RealCall.kt:519)
	at java.base/java.util.concurrent.ThreadPoolExecutor.runWorker(ThreadPoolExecutor.java:1128)
	at java.base/java.util.concurrent.ThreadPoolExecutor$Worker.run(ThreadPoolExecutor.java:628)
	at java.base/java.lang.Thread.run(Thread.java:829)
21-04-2023 18:38 ERROR TelegramBotListener:332 - Ответ не был отправлен
java.lang.RuntimeException
	at re.st.animalshelter.listener.TelegramBotListener.sendResponse(TelegramBotListener.java:332)
	at re.st.animalshelter.listener.TelegramBotListener.process(TelegramBotListener.java:111)
	at com.pengrad.telegrambot.impl.UpdatesHandler$1.onResponse(UpdatesHandler.java:73)
	at com.pengrad.telegrambot.impl.UpdatesHandler$1.onResponse(UpdatesHandler.java:49)
	at com.pengrad.telegrambot.impl.TelegramBotClient$1.onResponse(TelegramBotClient.java:53)
	at okhttp3.internal.connection.RealCall$AsyncCall.run(RealCall.kt:519)
	at java.base/java.util.concurrent.ThreadPoolExecutor.runWorker(ThreadPoolExecutor.java:1128)
	at java.base/java.util.concurrent.ThreadPoolExecutor$Worker.run(ThreadPoolExecutor.java:628)
	at java.base/java.lang.Thread.run(Thread.java:829)
21-04-2023 18:40 ERROR TelegramBotListener:331 - Ответ не был отправлен
java.lang.RuntimeException
	at re.st.animalshelter.listener.TelegramBotListener.sendResponse(TelegramBotListener.java:331)
	at re.st.animalshelter.listener.TelegramBotListener.process(TelegramBotListener.java:116)
	at com.pengrad.telegrambot.impl.UpdatesHandler$1.onResponse(UpdatesHandler.java:73)
	at com.pengrad.telegrambot.impl.UpdatesHandler$1.onResponse(UpdatesHandler.java:49)
	at com.pengrad.telegrambot.impl.TelegramBotClient$1.onResponse(TelegramBotClient.java:53)
	at okhttp3.internal.connection.RealCall$AsyncCall.run(RealCall.kt:519)
	at java.base/java.util.concurrent.ThreadPoolExecutor.runWorker(ThreadPoolExecutor.java:1128)
	at java.base/java.util.concurrent.ThreadPoolExecutor$Worker.run(ThreadPoolExecutor.java:628)
	at java.base/java.lang.Thread.run(Thread.java:829)
21-04-2023 19:50 ERROR TelegramBotListener:311 - Ответ не был отправлен
java.lang.RuntimeException
	at re.st.animalshelter.listener.TelegramBotListener.sendEditTextResponse(TelegramBotListener.java:311)
	at re.st.animalshelter.listener.TelegramBotListener.process(TelegramBotListener.java:103)
	at com.pengrad.telegrambot.impl.UpdatesHandler$1.onResponse(UpdatesHandler.java:73)
	at com.pengrad.telegrambot.impl.UpdatesHandler$1.onResponse(UpdatesHandler.java:49)
	at com.pengrad.telegrambot.impl.TelegramBotClient$1.onResponse(TelegramBotClient.java:53)
	at okhttp3.internal.connection.RealCall$AsyncCall.run(RealCall.kt:519)
	at java.base/java.util.concurrent.ThreadPoolExecutor.runWorker(ThreadPoolExecutor.java:1128)
	at java.base/java.util.concurrent.ThreadPoolExecutor$Worker.run(ThreadPoolExecutor.java:628)
	at java.base/java.lang.Thread.run(Thread.java:829)
21-04-2023 20:09 ERROR TelegramBotListener:136 - Не существующая кнопка
